[2019-10-24 09:55:17] 登录失败！请检查用户名和密码
[2019-10-24 10:17:21] 请先登录！
[2019-10-24 10:19:24] 未登录！
[2019-10-24 10:19:25] 未登录！
[2019-10-24 10:19:33] 请先登录！
[2019-10-24 10:19:37] 未登录！
[2019-10-24 10:54:08] 未登录！
[2019-10-24 23:32:14] 请先登录！
[2019-10-24 23:32:15] 未登录！
[2019-10-24 23:32:22] 登录失败！请检查用户名和密码
[2019-10-24 23:32:37] 未登录！
[2019-10-24 23:32:41] 登录失败！请检查用户名和密码
[2019-10-24 23:33:33] 登录失败！请检查用户名和密码
[2019-10-24 23:33:51] 登录失败！请检查用户名和密码
[2019-10-24 23:34:34] 请先登录！
[2019-10-24 23:34:35] 未登录！
[2019-10-24 23:34:40] 登录失败！请检查用户名和密码
[2019-10-25 10:25:49] 请先登录！
[2019-10-25 10:29:45] 请先登录！
[2019-10-25 10:31:04] 未登录！
[2019-10-25 10:31:36] 请先登录！
[2019-10-25 10:32:21] 请先登录！
[2019-10-25 10:32:23] 请先登录！
[2019-10-25 10:33:09] 未登录！
[2019-10-25 10:34:19] 请先登录！
[2019-10-25 10:34:54] 请先登录！
[2019-10-25 10:34:55] 请先登录！
[2019-10-25 10:36:03] 请先登录！
[2019-10-25 10:36:56] 请先登录！
[2019-10-25 10:37:42] 请先登录！
[2019-10-25 10:41:22] 请先登录！
[2019-10-25 10:41:25] 未登录！
[2019-11-29 14:28:58] 请先登录！
[2019-11-29 18:07:11] 未登录！
[2019-11-29 18:07:22] 未登录！
[2019-11-29 20:24:25] 该用户已存在！
[2019-11-29 20:29:17] 该用户已存在！
[2019-11-29 20:30:13] 该用户已存在！
[2019-11-29 20:34:22] 该用户已存在！
[2019-11-29 20:34:50] 该用户已存在！
[2019-11-29 20:36:00] 该用户已存在！
[2019-11-29 20:36:39] 该用户已存在！
[2019-11-29 20:39:16] 请先登录！
[2019-11-29 20:39:19] 未登录！
[2019-11-29 20:39:20] 未登录！
[2019-11-29 21:21:48] 请先登录！
[2019-11-29 21:21:50] 未登录！
[2019-11-29 21:23:55] 请先登录！
[2019-11-29 21:23:58] 未登录！
[2019-11-29 21:24:00] 未登录！
[2019-11-29 21:24:24] 修改失败！请检查旧密码是否正确
[2019-11-29 21:32:12] 修改失败！请检查旧密码是否正确
[2019-11-29 21:34:08] 旧密码不正确！
[2019-11-29 21:37:00] 旧密码不正确！
[2019-11-29 21:41:17] 请先登录！
[2019-11-29 21:41:19] 未登录！
[2019-11-29 21:42:31] 请先登录！
[2019-11-29 21:42:32] 未登录！
[2019-11-29 21:50:17] 旧密码不正确！
